<?xml version="1.0" encoding="UTF-8"?>
<testsuite xmlns:xsi="http://www.w3.org/2001/XMLSchema-instance" xsi:noNamespaceSchemaLocation="https://maven.apache.org/surefire/maven-surefire-plugin/xsd/surefire-test-report-3.0.xsd" version="3.0" name="com.github.bhlangonijr.chesslib.PerftTest" time="4.006" tests="15" errors="0" skipped="0" failures="0">
  <properties>
[...]
</properties>
  <testcase name="testPerft10" classname="com.github.bhlangonijr.chesslib.PerftTest" time="0.082">
    <system-out><![CDATA[b7b8q: 42706
b7b8r: 35072
b7b8b: 28044
b7b8n: 10703
a2a1: 13026
a2b1: 17666
a2b2: 25049
a2a3: 18885
a2b3: 26191
Node count: 217342
Time: 83
]]></system-out>
  </testcase>
  <testcase name="testPerft11" classname="com.github.bhlangonijr.chesslib.PerftTest" time="0.024">
    <system-out><![CDATA[a7a8q: 19066
a7a8r: 17190
a7a8b: 18675
a7a8n: 6679
a6a5: 14506
a6b5: 16567
Node count: 92683
Time: 25
]]></system-out>
  </testcase>
  <testcase name="testPerft12" classname="com.github.bhlangonijr.chesslib.PerftTest" time="0.0">
    <system-out><![CDATA[a6a7: 837
a8a7: 1380
Node count: 2217
Time: 1
]]></system-out>
  </testcase>
  <testcase name="testPerft13" classname="com.github.bhlangonijr.chesslib.PerftTest" time="0.1">
    <system-out><![CDATA[c7c8q: 0
c7c8r: 52185
c7c8b: 57162
c7c8n: 44544
b5a4: 74272
b5b4: 108544
b5c4: 133887
b5a5: 18352
b5c5: 56683
b5c6: 21955
Node count: 567584
Time: 100
]]></system-out>
  </testcase>
  <testcase name="testPerft14" classname="com.github.bhlangonijr.chesslib.PerftTest" time="0.018">
    <system-out><![CDATA[f4e2: 544
f4g2: 534
f4d3: 677
f4h3: 640
f4d5: 665
f4h5: 688
f4e6: 839
f4g6: 832
f5b1: 524
f5c2: 603
f5d3: 199
f5h3: 182
f5e4: 318
f5g4: 277
f5a5: 782
f5b5: 726
f5c5: 515
f5d5: 597
f5e5: 562
f5g5: 478
f5h5: 558
f5e6: 513
f5f6: 763
f5g6: 473
f5d7: 812
f5f7: 841
f5h7: 838
f5c8: 823
f5f8: 809
c6b5: 730
c6c5: 687
c6d5: 623
c6b6: 784
c6d6: 786
c6b7: 785
c6c7: 785
c6d7: 735
Node count: 23527
Time: 17
]]></system-out>
  </testcase>
  <testcase name="testPerft15" classname="com.github.bhlangonijr.chesslib.PerftTest" time="0.945">
    <system-out><![CDATA[h6h5: 308855
b7b6: 331753
c7c5: 240760
c7c6: 286368
g7g5: 244926
g7g6: 261420
d5a2: 291533
d5b3: 265480
d5c4: 316179
d5c6: 276024
f6h4: 305276
f6g5: 304916
f6g6: 241213
f6e7: 386224
f6f7: 335622
f6d8: 448488
f6f8: 452793
f5g4: 387273
f5g5: 359243
f5g6: 377168
Node count: 6421514
Time: 945
]]></system-out>
  </testcase>
  <testcase name="testPerft1" classname="com.github.bhlangonijr.chesslib.PerftTest" time="0.629">
    <system-out><![CDATA[a2a3: 181046
a2a4: 217832
b2b3: 215255
b2b4: 216145
c2c3: 222861
c2c4: 240082
d2d3: 328511
d2d4: 361790
e2e3: 402988
e2e4: 405385
f2f3: 178889
f2f4: 198473
g2g3: 217210
g2g4: 214048
h2h3: 181044
h2h4: 218829
b1a3: 198572
b1c3: 234656
g1f3: 233491
g1h3: 198502
Node count: 4865609
Time: 630
]]></system-out>
  </testcase>
  <testcase name="testPerft2" classname="com.github.bhlangonijr.chesslib.PerftTest" time="0.299">
    <system-out><![CDATA[d7c8q: 44226
d7c8r: 38077
d7c8b: 65053
d7c8n: 62009
a2a3: 46833
a2a4: 48882
b2b3: 46497
b2b4: 46696
c2c3: 49406
g2g3: 44509
g2g4: 45506
h2h3: 46762
h2h4: 47811
b1d2: 40560
b1a3: 44378
b1c3: 50303
e2g1: 48844
e2c3: 54792
e2g3: 51892
e2d4: 52109
e2f4: 51127
c1d2: 46881
c1e3: 53637
c1f4: 52350
c1g5: 45601
c1h6: 40913
c4b3: 43453
c4d3: 43565
c4b5: 45559
c4d5: 48002
c4a6: 41884
c4e6: 49872
c4f7: 43289
h1f1: 46101
h1g1: 44668
d1d2: 48843
d1d3: 57153
d1d4: 57744
d1d5: 56899
d1d6: 43766
e1f1: 49775
e1d2: 33423
e1f2: 36783
e1g1: 47054
Node count: 2103487
Time: 299
]]></system-out>
  </testcase>
  <testcase name="testPerft3" classname="com.github.bhlangonijr.chesslib.PerftTest" time="0.484">
    <system-out><![CDATA[b2b3: 83959
b2b4: 85907
g2g3: 89798
h2h3: 93404
h2h4: 87792
a3a4: 89719
d3d4: 93464
c3b1: 74196
c3d1: 72167
c3a2: 81990
c3a4: 83785
c3b5: 86102
c3d5: 84310
f3e1: 77246
f3d2: 87558
f3d4: 98744
f3h4: 89355
f3e5: 111761
c4a2: 83990
c4b3: 84078
c4b5: 84686
c4d5: 82111
c4a6: 87691
c4e6: 88890
c4f7: 8203
g5c1: 81175
g5d2: 89433
g5e3: 91743
g5f4: 99547
g5h4: 83607
g5f6: 79097
g5h6: 89238
a1b1: 83917
a1c1: 81943
a1d1: 79961
a1e1: 76017
a1a2: 80000
f1b1: 83966
f1c1: 85946
f1d1: 87918
f1e1: 87928
e2d1: 82176
e2e1: 84117
e2d2: 89961
e2e3: 90128
g1h1: 95870
Node count: 3894594
Time: 484
]]></system-out>
  </testcase>
  <testcase name="testPerft4" classname="com.github.bhlangonijr.chesslib.PerftTest" time="0.565">
    <system-out><![CDATA[g2h3: 82759
d5e6: 97464
a2a3: 94405
a2a4: 90978
b2b3: 81066
g2g3: 77468
g2g4: 75677
d5d6: 79551
c3b1: 84773
c3d1: 84782
c3a4: 91447
c3b5: 81498
e5d3: 77431
e5c4: 77752
e5g4: 79912
e5c6: 83885
e5g6: 83866
e5d7: 93913
e5f7: 88799
d2c1: 83037
d2e3: 90274
d2f4: 84869
d2g5: 87951
d2h6: 82323
e2d1: 74963
e2f1: 88728
e2d3: 85119
e2c4: 84835
e2b5: 79739
e2a6: 69334
a1b1: 83348
a1c1: 83263
a1d1: 79695
h1f1: 81563
h1g1: 84876
f3d3: 83727
f3e3: 92505
f3g3: 94461
f3h3: 98524
f3f4: 90488
f3g4: 92037
f3f5: 104992
f3h5: 95034
f3f6: 77838
e1d1: 79989
e1f1: 77887
e1g1: 86975
e1c1: 79803
Node count: 4085603
Time: 565
]]></system-out>
  </testcase>
  <testcase name="testPerft5" classname="com.github.bhlangonijr.chesslib.PerftTest" time="0.282">
    <system-out><![CDATA[d7c8q: 44226
d7c8r: 38077
d7c8b: 65053
d7c8n: 62009
a2a3: 46833
a2a4: 48882
b2b3: 46497
b2b4: 46696
c2c3: 49406
g2g3: 44509
g2g4: 45506
h2h3: 46762
h2h4: 47811
b1d2: 40560
b1a3: 44378
b1c3: 50303
e2g1: 48844
e2c3: 54792
e2g3: 51892
e2d4: 52109
e2f4: 51127
c1d2: 46881
c1e3: 53637
c1f4: 52350
c1g5: 45601
c1h6: 40913
c4b3: 43453
c4d3: 43565
c4b5: 45559
c4d5: 48002
c4a6: 41884
c4e6: 49872
c4f7: 43289
h1f1: 46101
h1g1: 44668
d1d2: 48843
d1d3: 57153
d1d4: 57744
d1d5: 56899
d1d6: 43766
e1f1: 49775
e1d2: 33423
e1f2: 36783
e1g1: 47054
Node count: 2103487
Time: 282
]]></system-out>
  </testcase>
  <testcase name="testPerft6" classname="com.github.bhlangonijr.chesslib.PerftTest" time="0.057">
    <system-out><![CDATA[d2d4: 72051
c4c5: 60769
f3d4: 75736
b4c5: 58167
f1f2: 73972
g1h1: 81638
Node count: 422333
Time: 56
]]></system-out>
  </testcase>
  <testcase name="testPerft7" classname="com.github.bhlangonijr.chesslib.PerftTest" time="0.164">
    <system-out><![CDATA[h2g1: 55333
h2g3: 62626
h2f4: 69053
h2e5: 59135
h2d6: 61097
h2c7: 60199
h2b8: 54752
a1b1: 47958
a1c1: 47557
a1d1: 42247
a1a2: 50325
a1a3: 50836
a1a4: 49150
a1a5: 47033
a1a6: 44730
a1a7: 35744
a1a8: 4427
h1f1: 50602
h1g1: 55938
e1d1: 39985
e1f1: 39070
e1d2: 53401
e1e2: 57805
e1f2: 55433
e1g1: 46811
e1c1: 32959
Node count: 1274206
Time: 163
]]></system-out>
  </testcase>
  <testcase name="testPerft8" classname="com.github.bhlangonijr.chesslib.PerftTest" time="0.235">
    <system-out><![CDATA[a8a1: 1980
a8a2: 40544
a8a3: 41303
a8a4: 47961
a8a5: 50431
a8a6: 49811
a8a7: 55332
a8b8: 54262
a8c8: 54887
a8d8: 49727
h8h1: 1352
h8h2: 39991
h8h3: 38539
h8h4: 47637
h8h5: 48797
h8h6: 49692
h8h7: 55134
h8f8: 46570
h8g8: 52640
f3d1: 3782
f3f1: 3126
f3h1: 3553
f3e2: 1009
f3f2: 2386
f3g2: 50810
f3a3: 43980
f3b3: 61216
f3c3: 7646
f3d3: 46225
f3e3: 2870
f3g3: 6834
f3h3: 45034
f3e4: 6298
f3f4: 47066
f3g4: 55830
f3d5: 52949
f3f5: 62753
f3h5: 43743
f3c6: 58992
f3f6: 54394
f3b7: 68331
f3f7: 62015
f3f8: 45984
e8f7: 57060
Node count: 1720476
Time: 234
]]></system-out>
  </testcase>
  <testcase name="testPerft9" classname="com.github.bhlangonijr.chesslib.PerftTest" time="0.118">
    <system-out><![CDATA[c4b2: 30626
c4d2: 33151
c4a3: 32124
c4e3: 27112
c4a5: 30993
c4e5: 27378
c4b6: 25466
c4d6: 27429
b3b1: 35096
b3d1: 31676
b3a2: 42340
b3b2: 41247
b3c2: 39534
b3a3: 40996
b3c3: 41432
b3d3: 28068
b3e3: 29254
b3f3: 21754
b3g3: 47132
b3h3: 24663
b3a4: 34477
b3b4: 32808
b3b5: 23059
b3b6: 24326
f1e1: 42228
f1g1: 42353
f1e2: 48873
f1f2: 49517
f1g2: 49546
Node count: 1004658
Time: 118
]]></system-out>
  </testcase>
</testsuite>